-- The C compiler identification is GNU 7.5.0
-- The CXX compiler identification is GNU 7.5.0
-- Check for working C compiler: /usr/bin/cc
-- Check for working C compiler: /usr/bin/cc -- works
-- Detecting C compiler ABI info
-- Detecting C compiler ABI info - done
-- Detecting C compile features
-- Detecting C compile features - done
-- Check for working CXX compiler: /usr/bin/c++
-- Check for working CXX compiler: /usr/bin/c++ -- works
-- Detecting CXX compiler ABI info
-- Detecting CXX compiler ABI info - done
-- Detecting CXX compile features
-- Detecting CXX compile features - done
CMake Error at CMakeLists.txt:4 (find_package):
  By not providing "Findautoware_build_flags.cmake" in CMAKE_MODULE_PATH this
  project has asked CMake to find a package configuration file provided by
  "autoware_build_flags", but CMake did not find one.

  Could not find a package configuration file provided by
  "autoware_build_flags" with any of the following names:

    autoware_build_flagsConfig.cmake
    autoware_build_flags-config.cmake

  Add the installation prefix of "autoware_build_flags" to CMAKE_PREFIX_PATH
  or set "autoware_build_flags_DIR" to a directory containing one of the
  above files.  If "autoware_build_flags" provides a separate development
  package or SDK, be sure it has been installed.


-- Configuring incomplete, errors occurred!
See also "/home/ykxn/Desktop/multi_lidar_calibrator/build/multi_lidar_calibrator/CMakeFiles/CMakeOutput.log".
