[0.033s] Invoking command in '/home/ykxn/Desktop/multi_lidar_calibrator/build/multi_lidar_calibrator': /usr/bin/cmake /home/ykxn/Desktop/multi_lidar_calibrator -DCMAKE_BUILD_TYPE=Release -DCATKIN_INSTALL_INTO_PREFIX_ROOT=0 -DCMAKE_INSTALL_PREFIX=/home/ykxn/Desktop/multi_lidar_calibrator/install/multi_lidar_calibrator
[0.173s] -- The C compiler identification is GNU 7.5.0
[0.255s] -- The CXX compiler identification is GNU 7.5.0
[0.268s] -- Check for working C compiler: /usr/bin/cc
[0.369s] -- Check for working C compiler: /usr/bin/cc -- works
[0.371s] -- Detecting C compiler ABI info
[0.485s] -- Detecting C compiler ABI info - done
[0.503s] -- Detecting C compile features
[0.831s] -- Detecting C compile features - done
[0.838s] -- Check for working CXX compiler: /usr/bin/c++
[0.956s] -- Check for working CXX compiler: /usr/bin/c++ -- works
[0.958s] -- Detecting CXX compiler ABI info
[1.076s] -- Detecting CXX compiler ABI info - done
[1.082s] -- Detecting CXX compile features
[1.568s] -- Detecting CXX compile features - done
[1.580s] CMake Error at CMakeLists.txt:4 (find_package):
[1.581s]   By not providing "Findautoware_build_flags.cmake" in CMAKE_MODULE_PATH this
[1.581s]   project has asked CMake to find a package configuration file provided by
[1.582s]   "autoware_build_flags", but CMake did not find one.
[1.582s] 
[1.583s]   Could not find a package configuration file provided by
[1.583s]   "autoware_build_flags" with any of the following names:
[1.584s] 
[1.584s]     autoware_build_flagsConfig.cmake
[1.584s]     autoware_build_flags-config.cmake
[1.584s] 
[1.585s]   Add the installation prefix of "autoware_build_flags" to CMAKE_PREFIX_PATH
[1.585s]   or set "autoware_build_flags_DIR" to a directory containing one of the
[1.585s]   above files.  If "autoware_build_flags" provides a separate development
[1.585s]   package or SDK, be sure it has been installed.
[1.585s] 
[1.586s] 
[1.586s] -- Configuring incomplete, errors occurred!
[1.586s] See also "/home/ykxn/Desktop/multi_lidar_calibrator/build/multi_lidar_calibrator/CMakeFiles/CMakeOutput.log".
[1.587s] Invoked command in '/home/ykxn/Desktop/multi_lidar_calibrator/build/multi_lidar_calibrator' returned '1': /usr/bin/cmake /home/ykxn/Desktop/multi_lidar_calibrator -DCMAKE_BUILD_TYPE=Release -DCATKIN_INSTALL_INTO_PREFIX_ROOT=0 -DCMAKE_INSTALL_PREFIX=/home/ykxn/Desktop/multi_lidar_calibrator/install/multi_lidar_calibrator
